2025-11-28 09:21:54,467 - root - INFO - Log file: C:\Users\ek675\PycharmProjects\PythonExcel\CambridgeCrimeAnalyse\crime_analysis.log
2025-11-28 09:21:54,467 - __main__ - INFO - Initializing configuration...
2025-11-28 09:21:54,468 - root - INFO - Output directories created at: C:\Users\ek675\PycharmProjects\PythonExcel\CambridgeCrimeAnalyse\output
2025-11-28 09:21:54,468 - __main__ - INFO - Loading data...
2025-11-28 09:21:54,468 - data_loader - INFO - Loading data from: C:\Users\ek675\PycharmProjects\PythonExcel\CambridgeCrimeAnalyse\data\raw\merged_file.csv
2025-11-28 09:21:54,596 - data_loader - INFO - Successfully loaded 90,957 records
2025-11-28 09:21:54,597 - data_loader - INFO - Cleaning data...
2025-11-28 09:21:54,613 - data_loader - WARNING - Missing values found:
Crime ID                 15606
Longitude                 2859
Latitude                  2859
LSOA code                 2859
LSOA name                 2859
Last outcome category    15606
Context                  90957
dtype: int64
2025-11-28 09:21:54,630 - data_loader - INFO - Cleaned data: 88,098 records with valid coordinates
2025-11-28 09:21:54,632 - data_loader - INFO - Date range: 2024-09-01 00:00:00 to 2025-09-01 00:00:00
2025-11-28 09:21:54,635 - data_loader - INFO - Unique crime types: 14
2025-11-28 09:21:54,637 - data_loader - INFO - Unique LSOA areas: 925
2025-11-28 09:21:54,640 - __main__ - INFO - Generating statistical reports...
2025-11-28 09:21:54,640 - report_generator - INFO - Analyzing crime types...
2025-11-28 09:21:55,508 - report_generator - INFO - Saved: C:\Users\ek675\PycharmProjects\PythonExcel\CambridgeCrimeAnalyse\output\charts\chart1_crime_types.png
2025-11-28 09:21:55,508 - report_generator - INFO - Analyzing monthly trends...
2025-11-28 09:21:55,806 - report_generator - INFO - Saved: C:\Users\ek675\PycharmProjects\PythonExcel\CambridgeCrimeAnalyse\output\charts\chart2_monthly_trends.png
2025-11-28 09:21:55,807 - report_generator - INFO - Analyzing geographic distribution...
2025-11-28 09:21:56,082 - report_generator - INFO - Saved: C:\Users\ek675\PycharmProjects\PythonExcel\CambridgeCrimeAnalyse\output\charts\chart3_areas.png
2025-11-28 09:21:56,082 - report_generator - INFO - Analyzing crime outcomes...
2025-11-28 09:21:56,350 - report_generator - INFO - Saved: C:\Users\ek675\PycharmProjects\PythonExcel\CambridgeCrimeAnalyse\output\charts\chart4_outcomes.png
2025-11-28 09:21:56,351 - report_generator - INFO - Saved: C:\Users\ek675\PycharmProjects\PythonExcel\CambridgeCrimeAnalyse\output\reports\summary_statistics.txt
2025-11-28 09:21:56,351 - __main__ - INFO - Generating interactive maps...
2025-11-28 09:21:56,351 - map_generator - INFO - Creating crime heatmap...
2025-11-28 09:21:57,380 - map_generator - INFO - Saved: C:\Users\ek675\PycharmProjects\PythonExcel\CambridgeCrimeAnalyse\output\maps\map1_crime_heatmap.html
2025-11-28 09:21:57,382 - map_generator - INFO - Creating marker map...
2025-11-28 09:21:57,413 - map_generator - INFO - Saved: C:\Users\ek675\PycharmProjects\PythonExcel\CambridgeCrimeAnalyse\output\maps\map2_crime_markers.html
2025-11-28 09:21:57,423 - map_generator - INFO - Saved: C:\Users\ek675\PycharmProjects\PythonExcel\CambridgeCrimeAnalyse\output\data\top_dangerous_locations.csv
2025-11-28 09:21:57,423 - map_generator - INFO - Creating cluster map...
2025-11-28 09:22:01,691 - map_generator - INFO - Saved: C:\Users\ek675\PycharmProjects\PythonExcel\CambridgeCrimeAnalyse\output\maps\map3_crime_clusters.html
